<?xml version="1.0" encoding="UTF-8"?>
<!-- Generated by org.testng.reporters.JUnitReportReporter -->
<testsuite hostname="DESKTOP-0MGR9KI" failures="0" tests="7" name="com.telemarket.task.test.agn.AGN_TestLogin" time="75.026" errors="0" timestamp="2022-07-13T10:22:04 ICT" skipped="0">
  <testcase classname="com.telemarket.task.test.agn.AGN_TestLogin" name="testAGNLogin_validUsernamePassword" time="9.968"/>
  <system-out/>
  <testcase classname="com.telemarket.task.test.agn.AGN_TestLogin" name="testAGNLogin_validUsername_invalidPassword" time="5.925"/>
  <system-out/>
  <testcase classname="com.telemarket.task.test.agn.AGN_TestLogin" name="testAGNLogin_invalidUsernamePassword" time="6.603"/>
  <system-out/>
  <testcase classname="com.telemarket.task.test.agn.AGN_TestLogin" name="testAGNLogin_emptyUsernamePassword" time="7.456"/>
  <system-out/>
  <testcase classname="com.telemarket.task.test.agn.AGN_TestLogin" name="testAGNLogin_validUsernamePassword_btnGreenAtUsername" time="10.299"/>
  <system-out/>
  <testcase classname="com.telemarket.task.test.agn.AGN_TestLogin" name="testAGNLogin_validUsernamePassword_btnGreenAtPassword" time="10.114"/>
  <system-out/>
  <testcase classname="com.telemarket.task.test.agn.AGN_TestLogin" name="testAGNLogin_navigateMainPage" time="24.661"/>
  <system-out/>
</testsuite> <!-- com.telemarket.task.test.agn.AGN_TestLogin -->
