<?xml version="1.0" encoding="UTF-8"?>
<!-- Generated by org.testng.reporters.JUnitReportReporter -->
<testsuite hostname="DESKTOP-0MGR9KI" failures="0" tests="6" name="com.telemarket.task.test.TLMKT_TestLogin" time="67.639" errors="0" timestamp="2022-07-15T06:35:20 ICT" skipped="0">
  <testcase classname="com.telemarket.task.test.TLMKT_TestLogin" name="testSPVLogin_validUsernamePassword" time="33.612"/>
  <system-out>
    <![CDATA[<img src='file://D:\selenium-workspace\TLMKT\TELEMARKETING\hasilScreenshot\20220715_063420.png'height="450" width="1017"/>
<img src='file://D:\selenium-workspace\TLMKT\TELEMARKETING\hasilScreenshot\20220715_063424.png'height="450" width="1017"/>
<img src='file://D:\selenium-workspace\TLMKT\TELEMARKETING\hasilScreenshot\20220715_063428.png'height="450" width="1017"/>
<img src='file://D:\selenium-workspace\TLMKT\TELEMARKETING\hasilScreenshot\20220715_063431.png'height="450" width="1017"/>
<img src='file://D:\selenium-workspace\TLMKT\TELEMARKETING\hasilScreenshot\20220715_063435.png'height="450" width="1017"/>
<img src='file://D:\selenium-workspace\TLMKT\TELEMARKETING\hasilScreenshot\20220715_063438.png'height="450" width="1017"/>]]>
  </system-out>
  <testcase classname="com.telemarket.task.test.TLMKT_TestLogin" name="testSPVLogin_validUsername_invalidPassword" time="5.230"/>
  <system-out>
    <![CDATA[<img src='file://D:\selenium-workspace\TLMKT\TELEMARKETING\hasilScreenshot\20220715_063449.png'height="450" width="1017"/>]]>
  </system-out>
  <testcase classname="com.telemarket.task.test.TLMKT_TestLogin" name="testSPVLogin_invalidUsernamePassword" time="4.712"/>
  <system-out>
    <![CDATA[<img src='file://D:\selenium-workspace\TLMKT\TELEMARKETING\hasilScreenshot\20220715_063454.png'height="450" width="1017"/>]]>
  </system-out>
  <testcase classname="com.telemarket.task.test.TLMKT_TestLogin" name="testSPVLogin_emptyUsernamePassword" time="5.184"/>
  <system-out>
    <![CDATA[<img src='file://D:\selenium-workspace\TLMKT\TELEMARKETING\hasilScreenshot\20220715_063459.png'height="450" width="1017"/>]]>
  </system-out>
  <testcase classname="com.telemarket.task.test.TLMKT_TestLogin" name="testSPVLogin_validUsernamePassword_btnGreenAtUsername" time="9.555"/>
  <system-out>
    <![CDATA[<img src='file://D:\selenium-workspace\TLMKT\TELEMARKETING\hasilScreenshot\20220715_063506.png'height="450" width="1017"/>]]>
  </system-out>
  <testcase classname="com.telemarket.task.test.TLMKT_TestLogin" name="testSPVLogin_validUsernamePassword_btnGreenAtPassword" time="9.346"/>
  <system-out>
    <![CDATA[<img src='file://D:\selenium-workspace\TLMKT\TELEMARKETING\hasilScreenshot\20220715_063516.png'height="450" width="1017"/>]]>
  </system-out>
</testsuite> <!-- com.telemarket.task.test.TLMKT_TestLogin -->
