<?xml version="1.0" encoding="UTF-8"?>
<!-- Generated by org.testng.reporters.JUnitReportReporter -->
<testsuite hostname="DESKTOP-0MGR9KI" failures="0" tests="4" name="com.telemarket.task.test.agn.AGN_TestTaskFinal" time="76.031" errors="0" timestamp="2022-07-14T13:24:49 ICT" skipped="0">
  <testcase classname="com.telemarket.task.test.agn.AGN_TestTaskFinal" name="testAGNFinal_goToFinalPage" time="13.947"/>
  <system-out/>
  <testcase classname="com.telemarket.task.test.agn.AGN_TestTaskFinal" name="testAGNFinal_validSearch" time="17.233"/>
  <system-out/>
  <testcase classname="com.telemarket.task.test.agn.AGN_TestTaskFinal" name="testAGNFinal_validSearch_btnGreen" time="16.899"/>
  <system-out/>
  <testcase classname="com.telemarket.task.test.agn.AGN_TestTaskFinal" name="testAGNFinal_clickTableToActivity" time="27.952"/>
  <system-out/>
</testsuite> <!-- com.telemarket.task.test.agn.AGN_TestTaskFinal -->
