<?xml version="1.0" encoding="UTF-8"?>
<!-- Generated by org.testng.reporters.JUnitReportReporter -->
<testsuite hostname="DESKTOP-0MGR9KI" failures="0" tests="4" name="com.telemarket.task.test.TLMKT_TestTaskFinal" time="81.425" errors="0" timestamp="2022-07-13T10:10:48 ICT" skipped="0">
  <testcase classname="com.telemarket.task.test.TLMKT_TestTaskFinal" name="testSPVFinal_goToFinalPage" time="11.328"/>
  <system-out/>
  <testcase classname="com.telemarket.task.test.TLMKT_TestTaskFinal" name="testSPVFinal_validSearch" time="17.630"/>
  <system-out/>
  <testcase classname="com.telemarket.task.test.TLMKT_TestTaskFinal" name="testSPVFinal_validSearch_btnGreen" time="20.393"/>
  <system-out/>
  <testcase classname="com.telemarket.task.test.TLMKT_TestTaskFinal" name="testSPVFinal_clickTableToActivity" time="32.074"/>
  <system-out/>
</testsuite> <!-- com.telemarket.task.test.TLMKT_TestTaskFinal -->
